<?xml version="1.0" encoding="UTF-8"?>
<testsuite name="book a hotel with different conditions" tests="1" skipped="0" failures="0" errors="0" timestamp="2022-01-26T22:47:33" hostname="CHMEP4ZG5RF3" time="17.193">
  <properties/>
  <testcase name="book a hotel without any filter" classname="book a hotel with different conditions" time="17.193"/>
  <system-out><![CDATA[]]></system-out>
  <system-err><![CDATA[[Test worker] WARN net.thucydides.core.steps.BaseStepListener - stepStarted: net.thucydides.core.steps.ExecutedStepDescription@5bc0ec64
[Test worker] WARN net.thucydides.core.steps.BaseStepListener - stepStarted: net.thucydides.core.steps.ExecutedStepDescription@2b71326a
[Test worker] WARN net.thucydides.core.steps.BaseStepListener - stepStarted: net.thucydides.core.steps.ExecutedStepDescription@61173525
ene 26, 2022 5:47:34 PM org.openqa.selenium.remote.DesiredCapabilities chrome
INFORMACIÓN: Using `new ChromeOptions()` is preferred to `DesiredCapabilities.chrome()`
[Test worker] INFO net.serenitybdd.core.webdriver.driverproviders.ProvideNewDriver - Instantiating driver
[Test worker] INFO net.serenitybdd.core.webdriver.driverproviders.ProvideNewDriver - Driver capabilities: Capabilities {acceptInsecureCerts: false, browserName: chrome, chrome.switches: --disable-cookie-encryption..., goog:chromeOptions: {args: [--disable-cookie-encryption, --enable-experimental-cooki...], extensions: []}, loggingPrefs: org.openqa.selenium.logging..., platform: ANY, version: }
Starting ChromeDriver 96.0.4664.45 (76e4c1bb2ab4671b8beba3444e61c0f17584b2fc-refs/branch-heads/4664@{#947}) on port 2189
Only local connections are allowed.
Please see https://chromedriver.chromium.org/security-considerations for suggestions on keeping ChromeDriver safe.
ChromeDriver was started successfully.
[1643237256.357][WARNING]: This version of ChromeDriver has not been tested with Chrome version 97.
ene 26, 2022 5:47:36 PM org.openqa.selenium.remote.ProtocolHandshake createSession
INFORMACIÓN: Detected dialect: W3C
[Test worker] WARN net.thucydides.core.steps.BaseStepListener - stepFinished: current outcome:book a hotel without any filter:Given that the user wants to reserve a hotel [Diana open up [Diana opens the Emirates page]]
[Test worker] WARN net.thucydides.core.steps.BaseStepListener - stepFinished: current outcome:book a hotel without any filter:Given that the user wants to reserve a hotel [Diana open up [Diana opens the Emirates page]]
[Test worker] WARN net.thucydides.core.steps.BaseStepListener - stepStarted: net.thucydides.core.steps.ExecutedStepDescription@52bf0623
[Test worker] WARN net.thucydides.core.steps.BaseStepListener - stepStarted: net.thucydides.core.steps.ExecutedStepDescription@73ef0abb
[Test worker] WARN net.thucydides.core.steps.BaseStepListener - stepFinished: current outcome:book a hotel without any filter:Given that the user wants to reserve a hotel [Diana open up [Diana opens the Emirates page], Diana push the [Diana clicks on Dar click en el boton Aceptar]]
[Test worker] WARN net.thucydides.core.steps.BaseStepListener - stepStarted: net.thucydides.core.steps.ExecutedStepDescription@74f9427e
[Test worker] WARN net.thucydides.core.steps.BaseStepListener - stepFinished: current outcome:book a hotel without any filter:Given that the user wants to reserve a hotel [Diana open up [Diana opens the Emirates page], Diana push the [Diana clicks on Dar click en el boton Aceptar, Diana clicks on Dar click en el boton hoteles]]
[Test worker] WARN net.thucydides.core.steps.BaseStepListener - stepFinished: current outcome:book a hotel without any filter:Given that the user wants to reserve a hotel [Diana open up [Diana opens the Emirates page], Diana push the [Diana clicks on Dar click en el boton Aceptar, Diana clicks on Dar click en el boton hoteles]]
[Test worker] WARN net.thucydides.core.steps.BaseStepListener - stepFinished: current outcome:book a hotel without any filter:Given that the user wants to reserve a hotel [Diana open up [Diana opens the Emirates page], Diana push the [Diana clicks on Dar click en el boton Aceptar, Diana clicks on Dar click en el boton hoteles]]
[Test worker] WARN net.thucydides.core.steps.BaseStepListener - stepStarted: net.thucydides.core.steps.ExecutedStepDescription@351abedd
[Test worker] WARN net.thucydides.core.steps.BaseStepListener - stepStarted: net.thucydides.core.steps.ExecutedStepDescription@15bd4bb4
[Test worker] WARN net.thucydides.core.steps.BaseStepListener - stepStarted: net.thucydides.core.steps.ExecutedStepDescription@42cf1902
[Test worker] WARN net.thucydides.core.steps.BaseStepListener - stepFinished: current outcome:book a hotel without any filter:Given that the user wants to reserve a hotel [Diana open up [Diana opens the Emirates page], Diana push the [Diana clicks on Dar click en el boton Aceptar, Diana clicks on Dar click en el boton hoteles]], When user fill out the form
| strDestinationCity |
| cucuta | [Diana check in [Diana clicks on Aceptar los cookies]]
[Test worker] WARN net.thucydides.core.steps.BaseStepListener - stepStarted: net.thucydides.core.steps.ExecutedStepDescription@7542ca02
[Test worker] WARN net.thucydides.core.steps.BaseStepListener - stepFinished: current outcome:book a hotel without any filter:Given that the user wants to reserve a hotel [Diana open up [Diana opens the Emirates page], Diana push the [Diana clicks on Dar click en el boton Aceptar, Diana clicks on Dar click en el boton hoteles]], When user fill out the form
| strDestinationCity |
| cucuta | [Diana check in [Diana clicks on Aceptar los cookies, Diana enters 'cucuta' into Introduccir la ciudad]]
[Test worker] WARN net.thucydides.core.steps.BaseStepListener - stepStarted: net.thucydides.core.steps.ExecutedStepDescription@36371a2e
[Test worker] WARN net.thucydides.core.steps.BaseStepListener - stepFinished: current outcome:book a hotel without any filter:Given that the user wants to reserve a hotel [Diana open up [Diana opens the Emirates page], Diana push the [Diana clicks on Dar click en el boton Aceptar, Diana clicks on Dar click en el boton hoteles]], When user fill out the form
| strDestinationCity |
| cucuta | [Diana check in [Diana clicks on Aceptar los cookies, Diana enters 'cucuta' into Introduccir la ciudad, Diana types 'ARROW_DOWN' in Introduccir la ciudad]]
[Test worker] WARN net.thucydides.core.steps.BaseStepListener - stepStarted: net.thucydides.core.steps.ExecutedStepDescription@58eaf233
[Test worker] WARN net.thucydides.core.steps.BaseStepListener - stepFinished: current outcome:book a hotel without any filter:Given that the user wants to reserve a hotel [Diana open up [Diana opens the Emirates page], Diana push the [Diana clicks on Dar click en el boton Aceptar, Diana clicks on Dar click en el boton hoteles]], When user fill out the form
| strDestinationCity |
| cucuta | [Diana check in [Diana clicks on Aceptar los cookies, Diana enters 'cucuta' into Introduccir la ciudad, Diana types 'ARROW_DOWN' in Introduccir la ciudad, Diana types 'ENTER' in Introduccir la ciudad]]
[Test worker] WARN net.thucydides.core.steps.BaseStepListener - stepStarted: net.thucydides.core.steps.ExecutedStepDescription@7005c607
[Test worker] WARN net.thucydides.core.steps.BaseStepListener - stepFinished: current outcome:book a hotel without any filter:Given that the user wants to reserve a hotel [Diana open up [Diana opens the Emirates page], Diana push the [Diana clicks on Dar click en el boton Aceptar, Diana clicks on Dar click en el boton hoteles]], When user fill out the form
| strDestinationCity |
| cucuta | [Diana check in [Diana clicks on Aceptar los cookies, Diana enters 'cucuta' into Introduccir la ciudad, Diana types 'ARROW_DOWN' in Introduccir la ciudad, Diana types 'ENTER' in Introduccir la ciudad, Diana clicks on seleccionar fecha inicial]]
[Test worker] WARN net.thucydides.core.steps.BaseStepListener - stepStarted: net.thucydides.core.steps.ExecutedStepDescription@46340153
[Test worker] WARN net.thucydides.core.steps.BaseStepListener - stepFinished: current outcome:book a hotel without any filter:Given that the user wants to reserve a hotel [Diana open up [Diana opens the Emirates page], Diana push the [Diana clicks on Dar click en el boton Aceptar, Diana clicks on Dar click en el boton hoteles]], When user fill out the form
| strDestinationCity |
| cucuta | [Diana check in [Diana clicks on Aceptar los cookies, Diana enters 'cucuta' into Introduccir la ciudad, Diana types 'ARROW_DOWN' in Introduccir la ciudad, Diana types 'ENTER' in Introduccir la ciudad, Diana clicks on seleccionar fecha inicial, Diana clicks on Fecha de ingreso]]
[Test worker] WARN net.thucydides.core.steps.BaseStepListener - stepStarted: net.thucydides.core.steps.ExecutedStepDescription@16b9b240
[Test worker] WARN net.thucydides.core.steps.BaseStepListener - stepFinished: current outcome:book a hotel without any filter:Given that the user wants to reserve a hotel [Diana open up [Diana opens the Emirates page], Diana push the [Diana clicks on Dar click en el boton Aceptar, Diana clicks on Dar click en el boton hoteles]], When user fill out the form
| strDestinationCity |
| cucuta | [Diana check in [Diana clicks on Aceptar los cookies, Diana enters 'cucuta' into Introduccir la ciudad, Diana types 'ARROW_DOWN' in Introduccir la ciudad, Diana types 'ENTER' in Introduccir la ciudad, Diana clicks on seleccionar fecha inicial, Diana clicks on Fecha de ingreso, Diana clicks on seleccionar fecha fin]]
[Test worker] WARN net.thucydides.core.steps.BaseStepListener - stepStarted: net.thucydides.core.steps.ExecutedStepDescription@794f79c
[Test worker] WARN net.thucydides.core.steps.BaseStepListener - stepFinished: current outcome:book a hotel without any filter:Given that the user wants to reserve a hotel [Diana open up [Diana opens the Emirates page], Diana push the [Diana clicks on Dar click en el boton Aceptar, Diana clicks on Dar click en el boton hoteles]], When user fill out the form
| strDestinationCity |
| cucuta | [Diana check in [Diana clicks on Aceptar los cookies, Diana enters 'cucuta' into Introduccir la ciudad, Diana types 'ARROW_DOWN' in Introduccir la ciudad, Diana types 'ENTER' in Introduccir la ciudad, Diana clicks on seleccionar fecha inicial, Diana clicks on Fecha de ingreso, Diana clicks on seleccionar fecha fin, Diana clicks on Presionar el botÃ³n de continuar]]
[Test worker] WARN net.thucydides.core.steps.BaseStepListener - stepFinished: current outcome:book a hotel without any filter:Given that the user wants to reserve a hotel [Diana open up [Diana opens the Emirates page], Diana push the [Diana clicks on Dar click en el boton Aceptar, Diana clicks on Dar click en el boton hoteles]], When user fill out the form
| strDestinationCity |
| cucuta | [Diana check in [Diana clicks on Aceptar los cookies, Diana enters 'cucuta' into Introduccir la ciudad, Diana types 'ARROW_DOWN' in Introduccir la ciudad, Diana types 'ENTER' in Introduccir la ciudad, Diana clicks on seleccionar fecha inicial, Diana clicks on Fecha de ingreso, Diana clicks on seleccionar fecha fin, Diana clicks on Presionar el botÃ³n de continuar]]
[Test worker] WARN net.thucydides.core.steps.BaseStepListener - stepFinished: current outcome:book a hotel without any filter:Given that the user wants to reserve a hotel [Diana open up [Diana opens the Emirates page], Diana push the [Diana clicks on Dar click en el boton Aceptar, Diana clicks on Dar click en el boton hoteles]], When user fill out the form
| strDestinationCity |
| cucuta | [Diana check in [Diana clicks on Aceptar los cookies, Diana enters 'cucuta' into Introduccir la ciudad, Diana types 'ARROW_DOWN' in Introduccir la ciudad, Diana types 'ENTER' in Introduccir la ciudad, Diana clicks on seleccionar fecha inicial, Diana clicks on Fecha de ingreso, Diana clicks on seleccionar fecha fin, Diana clicks on Presionar el botÃ³n de continuar]]
[Test worker] WARN net.thucydides.core.steps.BaseStepListener - stepStarted: net.thucydides.core.steps.ExecutedStepDescription@36fe21e3
[Test worker] WARN net.thucydides.core.steps.BaseStepListener - stepFinished: current outcome:book a hotel without any filter:Given that the user wants to reserve a hotel [Diana open up [Diana opens the Emirates page], Diana push the [Diana clicks on Dar click en el boton Aceptar, Diana clicks on Dar click en el boton hoteles]], When user fill out the form
| strDestinationCity |
| cucuta | [Diana check in [Diana clicks on Aceptar los cookies, Diana enters 'cucuta' into Introduccir la ciudad, Diana types 'ARROW_DOWN' in Introduccir la ciudad, Diana types 'ENTER' in Introduccir la ciudad, Diana clicks on seleccionar fecha inicial, Diana clicks on Fecha de ingreso, Diana clicks on seleccionar fecha fin, Diana clicks on Presionar el botÃ³n de continuar]], Then user successfully reserve
[Test worker] WARN net.thucydides.core.steps.BaseStepListener - testFinished: book a hotel without any filter:Given that the user wants to reserve a hotel [Diana open up [Diana opens the Emirates page], Diana push the [Diana clicks on Dar click en el boton Aceptar, Diana clicks on Dar click en el boton hoteles]], When user fill out the form
| strDestinationCity |
| cucuta | [Diana check in [Diana clicks on Aceptar los cookies, Diana enters 'cucuta' into Introduccir la ciudad, Diana types 'ARROW_DOWN' in Introduccir la ciudad, Diana types 'ENTER' in Introduccir la ciudad, Diana clicks on seleccionar fecha inicial, Diana clicks on Fecha de ingreso, Diana clicks on seleccionar fecha fin, Diana clicks on Presionar el botÃ³n de continuar]], Then user successfully reserve
[Test worker] WARN net.thucydides.core.steps.BaseStepListener - TestOutcomes: [book a hotel without any filter:Given that the user wants to reserve a hotel [Diana open up [Diana opens the Emirates page], Diana push the [Diana clicks on Dar click en el boton Aceptar, Diana clicks on Dar click en el boton hoteles]], When user fill out the form
| strDestinationCity |
| cucuta | [Diana check in [Diana clicks on Aceptar los cookies, Diana enters 'cucuta' into Introduccir la ciudad, Diana types 'ARROW_DOWN' in Introduccir la ciudad, Diana types 'ENTER' in Introduccir la ciudad, Diana clicks on seleccionar fecha inicial, Diana clicks on Fecha de ingreso, Diana clicks on seleccionar fecha fin, Diana clicks on Presionar el botÃ³n de continuar]], Then user successfully reserve]
[Test worker] WARN net.thucydides.core.steps.BaseStepListener - Final testOutcomes: [book a hotel without any filter:Given that the user wants to reserve a hotel [Diana open up [Diana opens the Emirates page], Diana push the [Diana clicks on Dar click en el boton Aceptar, Diana clicks on Dar click en el boton hoteles]], When user fill out the form
| strDestinationCity |
| cucuta | [Diana check in [Diana clicks on Aceptar los cookies, Diana enters 'cucuta' into Introduccir la ciudad, Diana types 'ARROW_DOWN' in Introduccir la ciudad, Diana types 'ENTER' in Introduccir la ciudad, Diana clicks on seleccionar fecha inicial, Diana clicks on Fecha de ingreso, Diana clicks on seleccionar fecha fin, Diana clicks on Presionar el botÃ³n de continuar]], Then user successfully reserve]
[Test worker] INFO net.thucydides.core.steps.ConsoleLoggingListener - 
        __    _____ _____ ____ _____   ____   _    ____  ____  _____ ____  
  _     \ \  |_   _| ____/ ___|_   _| |  _ \ / \  / ___|/ ___|| ____|  _ \ 
 (_)_____| |   | | |  _| \___ \ | |   | |_) / _ \ \___ \\___ \|  _| | | | |
  _|_____| |   | | | |___ ___) || |   |  __/ ___ \ ___) |___) | |___| |_| |
 (_)     | |   |_| |_____|____/ |_|   |_| /_/   \_\____/|____/|_____|____/ 
        /_/                                                                

TEST PASSED: book a hotel without any filter
----------------------------------------------------------------------------
]]></system-err>
</testsuite>
